<?xml version="1.0" encoding="UTF-8"?>
<!-- Generated by org.testng.reporters.JUnitXMLReporter -->
<testsuite ignored="1" hostname="rs-MAC15.local" failures="0" tests="5" name="Default test" time="0.033" errors="0" timestamp="19 Jul 2018 08:12:12 GMT">
  <testcase classname="TestNG.GroupAnnotations" name="test1" time="0.006"/>
  <testcase classname="TestNG.GroupAnnotations" name="test6" time="0.001"/>
  <testcase classname="TestNG.GroupAnnotations" name="test" time="0.001"/>
  <testcase classname="TestNG.GroupAnnotations" name="test3" time="0.001"/>
  <testcase classname="TestNG.GroupAnnotations" name="test2" time="0.001"/>
  <testcase classname="TestNG.GroupAnnotations" name="test5" time="0.0">
    <ignored/>
  </testcase> <!-- test5 -->
</testsuite> <!-- Default test -->
