<?xml version="1.0" encoding="UTF-8"?>
<!-- Generated by org.testng.reporters.JUnitXMLReporter -->
<testsuite ignored="0" hostname="rs-MAC15.local" failures="0" tests="2" name="ieTest" time="0.016" errors="0" timestamp="05 Jul 2018 12:07:15 GMT">
  <testcase classname="testParallelExecu.BaseClass" name="@BeforeClass openBrowser" time="0.009">
    <failure type="java.lang.IllegalStateException" message="The driver executable does not exist: /Users/saikiran/eclipse-workspace/SeleniumDifferentConcepts/Drivers/IEDriverServer.exe">
      <![CDATA[java.lang.IllegalStateException: The driver executable does not exist: /Users/saikiran/eclipse-workspace/SeleniumDifferentConcepts/Drivers/IEDriverServer.exeat com.google.common.base.Preconditions.checkState(Preconditions.java:534)at org.openqa.selenium.remote.service.DriverService.checkExecutable(DriverService.java:136)at org.openqa.selenium.remote.service.DriverService.findExecutable(DriverService.java:131)at org.openqa.selenium.ie.InternetExplorerDriverService.access$000(InternetExplorerDriverService.java:32)at org.openqa.selenium.ie.InternetExplorerDriverService$Builder.findDefaultExecutable(InternetExplorerDriverService.java:167)at org.openqa.selenium.remote.service.DriverService$Builder.build(DriverService.java:339)at org.openqa.selenium.ie.InternetExplorerDriver.setupService(InternetExplorerDriver.java:291)at org.openqa.selenium.ie.InternetExplorerDriver.<init>(InternetExplorerDriver.java:213)at org.openqa.selenium.ie.InternetExplorerDriver.<init>(InternetExplorerDriver.java:152)at testParallelExecu.BaseClass.openBrowser(BaseClass.java:35)... Removed 26 stack frames]]>
    </failure>
  </testcase> <!-- @BeforeClass openBrowser -->
  <testcase classname="testParallelExecu.ParallelTestClass" name="test1" time="0.0">
    <skipped/>
  </testcase> <!-- test1 -->
  <testcase classname="testParallelExecu.ParallelTestClass" name="test2" time="0.0">
    <skipped/>
  </testcase> <!-- test2 -->
</testsuite> <!-- ieTest -->
