<?xml version="1.0" encoding="UTF-8"?>
<!-- Generated by org.testng.reporters.JUnitXMLReporter -->
<testsuite ignored="1" hostname="rs-MAC15.local" failures="0" tests="5" name="Practise TestNG" time="0.035" errors="0" timestamp="14 Jun 2018 16:31:08 GMT">
  <testcase classname="TestNG.GroupAnnotations" name="test1" time="0.007"/>
  <testcase classname="TestNG.GroupAnnotations" name="test6" time="0.002"/>
  <testcase classname="TestNG.GroupAnnotations" name="test" time="0.001"/>
  <testcase classname="TestNG.GroupAnnotations" name="test3" time="0.003"/>
  <testcase classname="TestNG.GroupAnnotations" name="test2" time="0.001"/>
  <testcase classname="TestNG.GroupAnnotations" name="test5" time="0.0">
    <ignored/>
  </testcase> <!-- test5 -->
</testsuite> <!-- Practise TestNG -->
