<?xml version="1.0" encoding="UTF-8"?>
<!-- Generated by org.testng.reporters.JUnitXMLReporter -->
<testsuite ignored="0" hostname="rs-MAC15.local" failures="0" tests="6" name="Test" time="0.036" errors="0" timestamp="14 Jun 2018 15:29:28 GMT">
  <testcase classname="TestNG.GroupAnnotations" name="test1" time="0.008"/>
  <testcase classname="TestNG.GroupAnnotations" name="test6" time="0.001"/>
  <testcase classname="TestNG.GroupAnnotations" name="test5" time="0.001"/>
  <testcase classname="TestNG.GroupAnnotations" name="test3" time="0.001"/>
  <testcase classname="TestNG.GroupAnnotations" name="test4" time="0.001"/>
  <testcase classname="TestNG.GroupAnnotations" name="test2" time="0.001"/>
</testsuite> <!-- Test -->
