<?xml version="1.0" encoding="UTF-8"?>
<!-- Generated by org.testng.reporters.JUnitXMLReporter -->
<testsuite ignored="0" hostname="rs-MAC15.local" failures="1" tests="3" name="Test" time="14.104" errors="0" timestamp="28 Jun 2018 15:21:28 GMT">
  <testcase classname="ScreenshotForFailedTest.ScreenshotTest" name="test1" time="0.005"/>
  <testcase classname="ScreenshotForFailedTest.ScreenshotTest" name="test2" time="0.001">
    <failure type="java.lang.AssertionError" message="expected [true] but found [false]">
      <![CDATA[java.lang.AssertionError: expected [true] but found [false]at ScreenshotForFailedTest.ScreenshotTest.test2(ScreenshotTest.java:32)... Removed 31 stack frames]]>
    </failure>
  </testcase> <!-- test2 -->
  <testcase classname="ScreenshotForFailedTest.ScreenshotTest" name="test3" time="0.001"/>
</testsuite> <!-- Test -->
